Started GET "/api/users/62" for ::1 at 2021-02-15 11:27:47 -0800
  [1m[35m (1.7ms)[0m  [1m[34mSELECT "schema_migrations"."version" FROM "schema_migrations" ORDER BY "schema_migrations"."version" ASC[0m
  ↳ /Users/colin/.rbenv/versions/2.5.1/lib/ruby/gems/2.5.0/gems/activerecord-5.2.4.4/lib/active_record/log_subscriber.rb:98
Processing by Api::UsersController#show as JSON
  Parameters: {"id"=>"62"}
  [1m[36mUser Load (1.4ms)[0m  [1m[34mSELECT  "users".* FROM "users" WHERE "users"."id" = $1 LIMIT $2[0m  [["id", 62], ["LIMIT", 1]]
  ↳ app/controllers/api/users_controller.rb:15
  Rendering api/users/show.json.jbuilder
  [1m[36mBoard Load (0.9ms)[0m  [1m[34mSELECT "boards".* FROM "boards" WHERE "boards"."user_id" = $1[0m  [["user_id", 62]]
  ↳ app/views/api/users/show.json.jbuilder:12
  Rendered api/users/show.json.jbuilder (37.6ms)
Completed 200 OK in 154ms (Views: 50.6ms | ActiveRecord: 22.8ms)


Started GET "/api/boards/10" for ::1 at 2021-02-15 11:27:49 -0800
Processing by Api::BoardsController#show as JSON
  Parameters: {"id"=>"10"}
  [1m[36mBoard Load (0.9ms)[0m  [1m[34mSELECT  "boards".* FROM "boards" WHERE "boards"."id" = $1 LIMIT $2[0m  [["id", 10], ["LIMIT", 1]]
  ↳ app/controllers/api/boards_controller.rb:45
  Rendering api/boards/show.json.jbuilder
  [1m[36mUser Load (0.8ms)[0m  [1m[34mSELECT  "users".* FROM "users" WHERE "users"."id" = $1 LIMIT $2[0m  [["id", 62], ["LIMIT", 1]]
  ↳ app/views/api/boards/show.json.jbuilder:1
  Rendered api/boards/show.json.jbuilder (10.9ms)
Completed 200 OK in 39ms (Views: 30.9ms | ActiveRecord: 1.7ms)


Started GET "/api/users/62" for ::1 at 2021-02-15 11:27:59 -0800
Processing by Api::UsersController#show as JSON
  Parameters: {"id"=>"62"}
  [1m[36mUser Load (0.9ms)[0m  [1m[34mSELECT  "users".* FROM "users" WHERE "users"."id" = $1 LIMIT $2[0m  [["id", 62], ["LIMIT", 1]]
  ↳ app/controllers/api/users_controller.rb:15
  Rendering api/users/show.json.jbuilder
  [1m[36mBoard Load (5.2ms)[0m  [1m[34mSELECT "boards".* FROM "boards" WHERE "boards"."user_id" = $1[0m  [["user_id", 62]]
  ↳ app/views/api/users/show.json.jbuilder:12
  Rendered api/users/show.json.jbuilder (16.5ms)
Completed 200 OK in 36ms (Views: 27.4ms | ActiveRecord: 6.1ms)


Started GET "/api/boards/10" for ::1 at 2021-02-15 11:28:01 -0800
Processing by Api::BoardsController#show as JSON
  Parameters: {"id"=>"10"}
  [1m[36mBoard Load (18.5ms)[0m  [1m[34mSELECT  "boards".* FROM "boards" WHERE "boards"."id" = $1 LIMIT $2[0m  [["id", 10], ["LIMIT", 1]]
  ↳ app/controllers/api/boards_controller.rb:45
  Rendering api/boards/show.json.jbuilder
  [1m[36mUser Load (0.8ms)[0m  [1m[34mSELECT  "users".* FROM "users" WHERE "users"."id" = $1 LIMIT $2[0m  [["id", 62], ["LIMIT", 1]]
  ↳ app/views/api/boards/show.json.jbuilder:1
  Rendered api/boards/show.json.jbuilder (4.6ms)
Completed 200 OK in 44ms (Views: 22.2ms | ActiveRecord: 19.3ms)


Started GET "/api/boards/undefined" for ::1 at 2021-02-15 11:28:03 -0800
Processing by Api::BoardsController#show as JSON
  Parameters: {"id"=>"undefined"}
  [1m[36mBoard Load (1.5ms)[0m  [1m[34mSELECT  "boards".* FROM "boards" WHERE "boards"."id" = $1 LIMIT $2[0m  [["id", 0], ["LIMIT", 1]]
  ↳ app/controllers/api/boards_controller.rb:45
Completed 404 Not Found in 4ms (Views: 0.3ms | ActiveRecord: 1.5ms)


Started GET "/api/boards/undefined" for ::1 at 2021-02-15 11:32:01 -0800
Processing by Api::BoardsController#show as JSON
  Parameters: {"id"=>"undefined"}
  [1m[36mBoard Load (2.3ms)[0m  [1m[34mSELECT  "boards".* FROM "boards" WHERE "boards"."id" = $1 LIMIT $2[0m  [["id", 0], ["LIMIT", 1]]
  ↳ app/controllers/api/boards_controller.rb:45
Completed 404 Not Found in 5ms (Views: 0.3ms | ActiveRecord: 2.3ms)


Started GET "/" for ::1 at 2021-02-15 11:34:23 -0800
Processing by StaticPagesController#root as HTML
  Rendering static_pages/root.html.erb within layouts/application
  [1m[36mUser Load (0.5ms)[0m  [1m[34mSELECT  "users".* FROM "users" WHERE "users"."session_token" = $1 LIMIT $2[0m  [["session_token", "9kMxHzM2Myy-YYQJw2fl7w"], ["LIMIT", 1]]
  ↳ app/controllers/application_controller.rb:7
  [1m[36mBoard Load (0.8ms)[0m  [1m[34mSELECT "boards".* FROM "boards" WHERE "boards"."user_id" = $1[0m  [["user_id", 62]]
  ↳ app/views/api/users/_user.json.jbuilder:4
  Rendered api/users/_user.json.jbuilder (8.6ms)
  Rendered static_pages/root.html.erb within layouts/application (3010.8ms)
Completed 200 OK in 3402ms (Views: 3400.2ms | ActiveRecord: 1.3ms)


Started GET "/api/boards/10" for ::1 at 2021-02-15 11:34:28 -0800
Processing by Api::BoardsController#show as JSON
  Parameters: {"id"=>"10"}
  [1m[36mBoard Load (0.5ms)[0m  [1m[34mSELECT  "boards".* FROM "boards" WHERE "boards"."id" = $1 LIMIT $2[0m  [["id", 10], ["LIMIT", 1]]
  ↳ app/controllers/api/boards_controller.rb:45
  Rendering api/boards/show.json.jbuilder
  [1m[36mUser Load (3.4ms)[0m  [1m[34mSELECT  "users".* FROM "users" WHERE "users"."id" = $1 LIMIT $2[0m  [["id", 62], ["LIMIT", 1]]
  ↳ app/views/api/boards/show.json.jbuilder:1
  Rendered api/boards/show.json.jbuilder (6.3ms)
Completed 200 OK in 30ms (Views: 24.4ms | ActiveRecord: 3.9ms)


Started GET "/api/users/62" for ::1 at 2021-02-15 11:34:34 -0800
Processing by Api::UsersController#show as JSON
  Parameters: {"id"=>"62"}
  [1m[36mUser Load (3.0ms)[0m  [1m[34mSELECT  "users".* FROM "users" WHERE "users"."id" = $1 LIMIT $2[0m  [["id", 62], ["LIMIT", 1]]
  ↳ app/controllers/api/users_controller.rb:15
  Rendering api/users/show.json.jbuilder
  [1m[36mBoard Load (0.7ms)[0m  [1m[34mSELECT "boards".* FROM "boards" WHERE "boards"."user_id" = $1[0m  [["user_id", 62]]
  ↳ app/views/api/users/show.json.jbuilder:12
  Rendered api/users/show.json.jbuilder (10.5ms)
Completed 200 OK in 49ms (Views: 38.6ms | ActiveRecord: 3.7ms)


Started GET "/" for ::1 at 2021-02-15 11:36:06 -0800
Processing by StaticPagesController#root as HTML
  Rendering static_pages/root.html.erb within layouts/application
  [1m[36mUser Load (2.6ms)[0m  [1m[34mSELECT  "users".* FROM "users" WHERE "users"."session_token" = $1 LIMIT $2[0m  [["session_token", "9kMxHzM2Myy-YYQJw2fl7w"], ["LIMIT", 1]]
  ↳ app/controllers/application_controller.rb:7
  [1m[36mBoard Load (0.6ms)[0m  [1m[34mSELECT "boards".* FROM "boards" WHERE "boards"."user_id" = $1[0m  [["user_id", 62]]
  ↳ app/views/api/users/_user.json.jbuilder:4
  Rendered api/users/_user.json.jbuilder (9.5ms)
  Rendered static_pages/root.html.erb within layouts/application (57.2ms)
Completed 200 OK in 1403ms (Views: 1399.9ms | ActiveRecord: 3.2ms)


Started GET "/api/users/62" for ::1 at 2021-02-15 11:36:08 -0800
Processing by Api::UsersController#show as JSON
  Parameters: {"id"=>"62"}
  [1m[36mUser Load (0.8ms)[0m  [1m[34mSELECT  "users".* FROM "users" WHERE "users"."id" = $1 LIMIT $2[0m  [["id", 62], ["LIMIT", 1]]
  ↳ app/controllers/api/users_controller.rb:15
  Rendering api/users/show.json.jbuilder
  [1m[36mBoard Load (27.6ms)[0m  [1m[34mSELECT "boards".* FROM "boards" WHERE "boards"."user_id" = $1[0m  [["user_id", 62]]
  ↳ app/views/api/users/show.json.jbuilder:12
  Rendered api/users/show.json.jbuilder (38.1ms)
Completed 200 OK in 66ms (Views: 34.6ms | ActiveRecord: 28.4ms)


Started GET "/api/boards/10" for ::1 at 2021-02-15 11:36:11 -0800
Processing by Api::BoardsController#show as JSON
  Parameters: {"id"=>"10"}
  [1m[36mBoard Load (1.2ms)[0m  [1m[34mSELECT  "boards".* FROM "boards" WHERE "boards"."id" = $1 LIMIT $2[0m  [["id", 10], ["LIMIT", 1]]
  ↳ app/controllers/api/boards_controller.rb:45
  Rendering api/boards/show.json.jbuilder
  [1m[36mUser Load (2.1ms)[0m  [1m[34mSELECT  "users".* FROM "users" WHERE "users"."id" = $1 LIMIT $2[0m  [["id", 62], ["LIMIT", 1]]
  ↳ app/views/api/boards/show.json.jbuilder:1
  Rendered api/boards/show.json.jbuilder (6.0ms)
Completed 200 OK in 31ms (Views: 20.0ms | ActiveRecord: 6.6ms)


Started GET "/api/boards/undefined" for ::1 at 2021-02-15 11:36:24 -0800
Processing by Api::BoardsController#show as JSON
  Parameters: {"id"=>"undefined"}
  [1m[36mBoard Load (10.6ms)[0m  [1m[34mSELECT  "boards".* FROM "boards" WHERE "boards"."id" = $1 LIMIT $2[0m  [["id", 0], ["LIMIT", 1]]
  ↳ app/controllers/api/boards_controller.rb:45
Completed 404 Not Found in 13ms (Views: 0.3ms | ActiveRecord: 10.6ms)


Started GET "/" for ::1 at 2021-02-15 11:38:24 -0800
Processing by StaticPagesController#root as HTML
  Rendering static_pages/root.html.erb within layouts/application
  [1m[36mUser Load (0.6ms)[0m  [1m[34mSELECT  "users".* FROM "users" WHERE "users"."session_token" = $1 LIMIT $2[0m  [["session_token", "9kMxHzM2Myy-YYQJw2fl7w"], ["LIMIT", 1]]
  ↳ app/controllers/application_controller.rb:7
  [1m[36mBoard Load (0.4ms)[0m  [1m[34mSELECT "boards".* FROM "boards" WHERE "boards"."user_id" = $1[0m  [["user_id", 62]]
  ↳ app/views/api/users/_user.json.jbuilder:4
  Rendered api/users/_user.json.jbuilder (6.5ms)
  Rendered static_pages/root.html.erb within layouts/application (58.8ms)
Completed 200 OK in 231ms (Views: 229.9ms | ActiveRecord: 1.0ms)


Started GET "/api/boards/10" for ::1 at 2021-02-15 11:38:25 -0800
Processing by Api::BoardsController#show as JSON
  Parameters: {"id"=>"10"}
  [1m[36mBoard Load (8.8ms)[0m  [1m[34mSELECT  "boards".* FROM "boards" WHERE "boards"."id" = $1 LIMIT $2[0m  [["id", 10], ["LIMIT", 1]]
  ↳ app/controllers/api/boards_controller.rb:45
  Rendering api/boards/show.json.jbuilder
  [1m[36mUser Load (29.2ms)[0m  [1m[34mSELECT  "users".* FROM "users" WHERE "users"."id" = $1 LIMIT $2[0m  [["id", 62], ["LIMIT", 1]]
  ↳ app/views/api/boards/show.json.jbuilder:1
  Rendered api/boards/show.json.jbuilder (35.3ms)
Completed 200 OK in 71ms (Views: 30.7ms | ActiveRecord: 38.0ms)


Started GET "/api/boards/undefined" for ::1 at 2021-02-15 11:43:15 -0800
Processing by Api::BoardsController#show as JSON
  Parameters: {"id"=>"undefined"}
  [1m[36mBoard Load (35.1ms)[0m  [1m[34mSELECT  "boards".* FROM "boards" WHERE "boards"."id" = $1 LIMIT $2[0m  [["id", 0], ["LIMIT", 1]]
  ↳ app/controllers/api/boards_controller.rb:45
Completed 404 Not Found in 37ms (Views: 0.2ms | ActiveRecord: 35.1ms)


Started GET "/" for ::1 at 2021-02-15 11:53:25 -0800
Processing by StaticPagesController#root as HTML
  Rendering static_pages/root.html.erb within layouts/application
  [1m[36mUser Load (1.4ms)[0m  [1m[34mSELECT  "users".* FROM "users" WHERE "users"."session_token" = $1 LIMIT $2[0m  [["session_token", "9kMxHzM2Myy-YYQJw2fl7w"], ["LIMIT", 1]]
  ↳ app/controllers/application_controller.rb:7
  [1m[36mBoard Load (0.8ms)[0m  [1m[34mSELECT "boards".* FROM "boards" WHERE "boards"."user_id" = $1[0m  [["user_id", 62]]
  ↳ app/views/api/users/_user.json.jbuilder:4
  Rendered api/users/_user.json.jbuilder (10.2ms)
  Rendered static_pages/root.html.erb within layouts/application (68.3ms)
Completed 200 OK in 1162ms (Views: 1159.0ms | ActiveRecord: 2.5ms)


Started GET "/api/boards/10" for ::1 at 2021-02-15 11:53:27 -0800
Processing by Api::BoardsController#show as JSON
  Parameters: {"id"=>"10"}
  [1m[36mBoard Load (10.3ms)[0m  [1m[34mSELECT  "boards".* FROM "boards" WHERE "boards"."id" = $1 LIMIT $2[0m  [["id", 10], ["LIMIT", 1]]
  ↳ app/controllers/api/boards_controller.rb:45
  Rendering api/boards/show.json.jbuilder
  [1m[36mUser Load (1.4ms)[0m  [1m[34mSELECT  "users".* FROM "users" WHERE "users"."id" = $1 LIMIT $2[0m  [["id", 62], ["LIMIT", 1]]
  ↳ app/views/api/boards/show.json.jbuilder:1
  Rendered api/boards/show.json.jbuilder (200.3ms)
Completed 200 OK in 239ms (Views: 220.0ms | ActiveRecord: 11.7ms)


Started GET "/api/boards/undefined" for ::1 at 2021-02-15 11:56:35 -0800
Processing by Api::BoardsController#show as JSON
  Parameters: {"id"=>"undefined"}
  [1m[36mBoard Load (5.3ms)[0m  [1m[34mSELECT  "boards".* FROM "boards" WHERE "boards"."id" = $1 LIMIT $2[0m  [["id", 0], ["LIMIT", 1]]
  ↳ app/controllers/api/boards_controller.rb:45
Completed 404 Not Found in 27ms (Views: 0.3ms | ActiveRecord: 22.0ms)


Started GET "/" for ::1 at 2021-02-15 11:56:42 -0800
Processing by StaticPagesController#root as HTML
  Rendering static_pages/root.html.erb within layouts/application
  [1m[36mUser Load (5.0ms)[0m  [1m[34mSELECT  "users".* FROM "users" WHERE "users"."session_token" = $1 LIMIT $2[0m  [["session_token", "9kMxHzM2Myy-YYQJw2fl7w"], ["LIMIT", 1]]
  ↳ app/controllers/application_controller.rb:7
  [1m[36mBoard Load (2.1ms)[0m  [1m[34mSELECT "boards".* FROM "boards" WHERE "boards"."user_id" = $1[0m  [["user_id", 62]]
  ↳ app/views/api/users/_user.json.jbuilder:4
  Rendered api/users/_user.json.jbuilder (16.1ms)
  Rendered static_pages/root.html.erb within layouts/application (93.6ms)
Completed 200 OK in 1595ms (Views: 1587.7ms | ActiveRecord: 7.1ms)


Started GET "/api/boards/10" for ::1 at 2021-02-15 11:56:45 -0800
Processing by Api::BoardsController#show as JSON
  Parameters: {"id"=>"10"}
  [1m[36mBoard Load (7.7ms)[0m  [1m[34mSELECT  "boards".* FROM "boards" WHERE "boards"."id" = $1 LIMIT $2[0m  [["id", 10], ["LIMIT", 1]]
  ↳ app/controllers/api/boards_controller.rb:45
  Rendering api/boards/show.json.jbuilder
  [1m[36mUser Load (1.3ms)[0m  [1m[34mSELECT  "users".* FROM "users" WHERE "users"."id" = $1 LIMIT $2[0m  [["id", 62], ["LIMIT", 1]]
  ↳ app/views/api/boards/show.json.jbuilder:1
  Rendered api/boards/show.json.jbuilder (7.6ms)
Completed 200 OK in 44ms (Views: 32.1ms | ActiveRecord: 9.0ms)


Started GET "/" for ::1 at 2021-02-15 11:57:31 -0800
Processing by StaticPagesController#root as HTML
  Rendering static_pages/root.html.erb within layouts/application
  [1m[36mUser Load (28.4ms)[0m  [1m[34mSELECT  "users".* FROM "users" WHERE "users"."session_token" = $1 LIMIT $2[0m  [["session_token", "9kMxHzM2Myy-YYQJw2fl7w"], ["LIMIT", 1]]
  ↳ app/controllers/application_controller.rb:7
  [1m[36mBoard Load (8.8ms)[0m  [1m[34mSELECT "boards".* FROM "boards" WHERE "boards"."user_id" = $1[0m  [["user_id", 62]]
  ↳ app/views/api/users/_user.json.jbuilder:4
  Rendered api/users/_user.json.jbuilder (24.0ms)
  Rendered static_pages/root.html.erb within layouts/application (170.4ms)
Completed 200 OK in 1418ms (Views: 1380.4ms | ActiveRecord: 37.3ms)


Started GET "/api/boards/10" for ::1 at 2021-02-15 11:57:33 -0800
Processing by Api::BoardsController#show as JSON
  Parameters: {"id"=>"10"}
  [1m[36mBoard Load (39.6ms)[0m  [1m[34mSELECT  "boards".* FROM "boards" WHERE "boards"."id" = $1 LIMIT $2[0m  [["id", 10], ["LIMIT", 1]]
  ↳ app/controllers/api/boards_controller.rb:45
  Rendering api/boards/show.json.jbuilder
  [1m[36mUser Load (1.3ms)[0m  [1m[34mSELECT  "users".* FROM "users" WHERE "users"."id" = $1 LIMIT $2[0m  [["id", 62], ["LIMIT", 1]]
  ↳ app/views/api/boards/show.json.jbuilder:1
  Rendered api/boards/show.json.jbuilder (6.3ms)
Completed 200 OK in 74ms (Views: 29.9ms | ActiveRecord: 41.0ms)


Started GET "/api/boards/10" for ::1 at 2021-02-15 11:59:42 -0800
Processing by Api::BoardsController#show as JSON
  Parameters: {"id"=>"10"}
  [1m[36mBoard Load (16.8ms)[0m  [1m[34mSELECT  "boards".* FROM "boards" WHERE "boards"."id" = $1 LIMIT $2[0m  [["id", 10], ["LIMIT", 1]]
  ↳ app/controllers/api/boards_controller.rb:45
  Rendering api/boards/show.json.jbuilder
  [1m[36mUser Load (8.9ms)[0m  [1m[34mSELECT  "users".* FROM "users" WHERE "users"."id" = $1 LIMIT $2[0m  [["id", 62], ["LIMIT", 1]]
  ↳ app/views/api/boards/show.json.jbuilder:1
  Rendered api/boards/show.json.jbuilder (16.2ms)
Completed 200 OK in 57ms (Views: 27.7ms | ActiveRecord: 25.7ms)


Started GET "/" for ::1 at 2021-02-15 11:59:47 -0800
Processing by StaticPagesController#root as HTML
  Rendering static_pages/root.html.erb within layouts/application
  [1m[36mUser Load (0.8ms)[0m  [1m[34mSELECT  "users".* FROM "users" WHERE "users"."session_token" = $1 LIMIT $2[0m  [["session_token", "9kMxHzM2Myy-YYQJw2fl7w"], ["LIMIT", 1]]
  ↳ app/controllers/application_controller.rb:7
  [1m[36mBoard Load (0.7ms)[0m  [1m[34mSELECT "boards".* FROM "boards" WHERE "boards"."user_id" = $1[0m  [["user_id", 62]]
  ↳ app/views/api/users/_user.json.jbuilder:4
  Rendered api/users/_user.json.jbuilder (18.7ms)
  Rendered static_pages/root.html.erb within layouts/application (121.3ms)
Completed 200 OK in 1158ms (Views: 1155.7ms | ActiveRecord: 1.5ms)


Started GET "/api/boards/10" for ::1 at 2021-02-15 11:59:49 -0800
Processing by Api::BoardsController#show as JSON
  Parameters: {"id"=>"10"}
  [1m[36mBoard Load (10.1ms)[0m  [1m[34mSELECT  "boards".* FROM "boards" WHERE "boards"."id" = $1 LIMIT $2[0m  [["id", 10], ["LIMIT", 1]]
  ↳ app/controllers/api/boards_controller.rb:45
  Rendering api/boards/show.json.jbuilder
  [1m[36mUser Load (116.0ms)[0m  [1m[34mSELECT  "users".* FROM "users" WHERE "users"."id" = $1 LIMIT $2[0m  [["id", 62], ["LIMIT", 1]]
  ↳ app/views/api/boards/show.json.jbuilder:1
  Rendered api/boards/show.json.jbuilder (125.6ms)
Completed 200 OK in 164ms (Views: 36.2ms | ActiveRecord: 126.1ms)


Started GET "/api/boards/10" for ::1 at 2021-02-15 12:00:09 -0800
Processing by Api::BoardsController#show as JSON
  Parameters: {"id"=>"10"}
  [1m[36mBoard Load (30.4ms)[0m  [1m[34mSELECT  "boards".* FROM "boards" WHERE "boards"."id" = $1 LIMIT $2[0m  [["id", 10], ["LIMIT", 1]]
  ↳ app/controllers/api/boards_controller.rb:45
  Rendering api/boards/show.json.jbuilder
  [1m[36mUser Load (0.9ms)[0m  [1m[34mSELECT  "users".* FROM "users" WHERE "users"."id" = $1 LIMIT $2[0m  [["id", 62], ["LIMIT", 1]]
  ↳ app/views/api/boards/show.json.jbuilder:1
  Rendered api/boards/show.json.jbuilder (4.8ms)
Completed 200 OK in 71ms (Views: 37.4ms | ActiveRecord: 31.3ms)


Started GET "/" for ::1 at 2021-02-15 12:00:44 -0800
Processing by StaticPagesController#root as HTML
  Rendering static_pages/root.html.erb within layouts/application
  [1m[36mUser Load (1.2ms)[0m  [1m[34mSELECT  "users".* FROM "users" WHERE "users"."session_token" = $1 LIMIT $2[0m  [["session_token", "9kMxHzM2Myy-YYQJw2fl7w"], ["LIMIT", 1]]
  ↳ app/controllers/application_controller.rb:7
  [1m[36mBoard Load (2.2ms)[0m  [1m[34mSELECT "boards".* FROM "boards" WHERE "boards"."user_id" = $1[0m  [["user_id", 62]]
  ↳ app/views/api/users/_user.json.jbuilder:4
  Rendered api/users/_user.json.jbuilder (11.6ms)
  Rendered static_pages/root.html.erb within layouts/application (54.7ms)
Completed 200 OK in 159ms (Views: 155.7ms | ActiveRecord: 3.5ms)


Started GET "/api/boards/10" for ::1 at 2021-02-15 12:00:45 -0800
Processing by Api::BoardsController#show as JSON
  Parameters: {"id"=>"10"}
  [1m[36mBoard Load (22.2ms)[0m  [1m[34mSELECT  "boards".* FROM "boards" WHERE "boards"."id" = $1 LIMIT $2[0m  [["id", 10], ["LIMIT", 1]]
  ↳ app/controllers/api/boards_controller.rb:45
  Rendering api/boards/show.json.jbuilder
  [1m[36mUser Load (22.9ms)[0m  [1m[34mSELECT  "users".* FROM "users" WHERE "users"."id" = $1 LIMIT $2[0m  [["id", 62], ["LIMIT", 1]]
  ↳ app/views/api/boards/show.json.jbuilder:1
  Rendered api/boards/show.json.jbuilder (27.0ms)
Completed 200 OK in 74ms (Views: 27.4ms | ActiveRecord: 45.1ms)


Started GET "/" for ::1 at 2021-02-15 12:06:28 -0800
Processing by StaticPagesController#root as HTML
  Rendering static_pages/root.html.erb within layouts/application
  [1m[36mUser Load (1.3ms)[0m  [1m[34mSELECT  "users".* FROM "users" WHERE "users"."session_token" = $1 LIMIT $2[0m  [["session_token", "9kMxHzM2Myy-YYQJw2fl7w"], ["LIMIT", 1]]
  ↳ app/controllers/application_controller.rb:7
  [1m[36mBoard Load (1.2ms)[0m  [1m[34mSELECT "boards".* FROM "boards" WHERE "boards"."user_id" = $1[0m  [["user_id", 62]]
  ↳ app/views/api/users/_user.json.jbuilder:4
  Rendered api/users/_user.json.jbuilder (16.9ms)
  Rendered static_pages/root.html.erb within layouts/application (77.4ms)
Completed 200 OK in 1242ms (Views: 1237.6ms | ActiveRecord: 3.9ms)


Started GET "/api/boards/10" for ::1 at 2021-02-15 12:06:30 -0800
Processing by Api::BoardsController#show as JSON
  Parameters: {"id"=>"10"}
  [1m[36mBoard Load (7.0ms)[0m  [1m[34mSELECT  "boards".* FROM "boards" WHERE "boards"."id" = $1 LIMIT $2[0m  [["id", 10], ["LIMIT", 1]]
  ↳ app/controllers/api/boards_controller.rb:45
  Rendering api/boards/show.json.jbuilder
  [1m[36mUser Load (37.2ms)[0m  [1m[34mSELECT  "users".* FROM "users" WHERE "users"."id" = $1 LIMIT $2[0m  [["id", 62], ["LIMIT", 1]]
  ↳ app/views/api/boards/show.json.jbuilder:1
  Rendered api/boards/show.json.jbuilder (130.1ms)
Completed 200 OK in 171ms (Views: 121.0ms | ActiveRecord: 44.2ms)


Started GET "/api/boards/10" for ::1 at 2021-02-15 12:07:30 -0800
Processing by Api::BoardsController#show as JSON
  Parameters: {"id"=>"10"}
  [1m[36mBoard Load (2.8ms)[0m  [1m[34mSELECT  "boards".* FROM "boards" WHERE "boards"."id" = $1 LIMIT $2[0m  [["id", 10], ["LIMIT", 1]]
  ↳ app/controllers/api/boards_controller.rb:45
  Rendering api/boards/show.json.jbuilder
  [1m[36mUser Load (11.9ms)[0m  [1m[34mSELECT  "users".* FROM "users" WHERE "users"."id" = $1 LIMIT $2[0m  [["id", 62], ["LIMIT", 1]]
  ↳ app/views/api/boards/show.json.jbuilder:1
  Rendered api/boards/show.json.jbuilder (35.2ms)
Completed 200 OK in 83ms (Views: 50.5ms | ActiveRecord: 29.6ms)


Started GET "/" for ::1 at 2021-02-15 12:08:18 -0800
Processing by StaticPagesController#root as HTML
  Rendering static_pages/root.html.erb within layouts/application
  [1m[36mUser Load (2.9ms)[0m  [1m[34mSELECT  "users".* FROM "users" WHERE "users"."session_token" = $1 LIMIT $2[0m  [["session_token", "9kMxHzM2Myy-YYQJw2fl7w"], ["LIMIT", 1]]
  ↳ app/controllers/application_controller.rb:7
  [1m[36mBoard Load (0.7ms)[0m  [1m[34mSELECT "boards".* FROM "boards" WHERE "boards"."user_id" = $1[0m  [["user_id", 62]]
  ↳ app/views/api/users/_user.json.jbuilder:4
  Rendered api/users/_user.json.jbuilder (13.2ms)
  Rendered static_pages/root.html.erb within layouts/application (59.8ms)
Completed 200 OK in 1107ms (Views: 1103.0ms | ActiveRecord: 3.6ms)


Started GET "/api/boards/10" for ::1 at 2021-02-15 12:08:20 -0800
Processing by Api::BoardsController#show as JSON
  Parameters: {"id"=>"10"}
  [1m[36mBoard Load (4.9ms)[0m  [1m[34mSELECT  "boards".* FROM "boards" WHERE "boards"."id" = $1 LIMIT $2[0m  [["id", 10], ["LIMIT", 1]]
  ↳ app/controllers/api/boards_controller.rb:45
  Rendering api/boards/show.json.jbuilder
  [1m[36mUser Load (80.4ms)[0m  [1m[34mSELECT  "users".* FROM "users" WHERE "users"."id" = $1 LIMIT $2[0m  [["id", 62], ["LIMIT", 1]]
  ↳ app/views/api/boards/show.json.jbuilder:1
  Rendered api/boards/show.json.jbuilder (84.7ms)
Completed 200 OK in 112ms (Views: 25.1ms | ActiveRecord: 85.3ms)


Started GET "/api/boards/10" for ::1 at 2021-02-15 12:09:15 -0800
Processing by Api::BoardsController#show as JSON
  Parameters: {"id"=>"10"}
  [1m[36mBoard Load (2.9ms)[0m  [1m[34mSELECT  "boards".* FROM "boards" WHERE "boards"."id" = $1 LIMIT $2[0m  [["id", 10], ["LIMIT", 1]]
  ↳ app/controllers/api/boards_controller.rb:45
  Rendering api/boards/show.json.jbuilder
  [1m[36mUser Load (0.8ms)[0m  [1m[34mSELECT  "users".* FROM "users" WHERE "users"."id" = $1 LIMIT $2[0m  [["id", 62], ["LIMIT", 1]]
  ↳ app/views/api/boards/show.json.jbuilder:1
  Rendered api/boards/show.json.jbuilder (4.3ms)
Completed 200 OK in 28ms (Views: 22.4ms | ActiveRecord: 3.7ms)


Started PATCH "/api/boards/10" for ::1 at 2021-02-15 12:10:02 -0800
Processing by Api::BoardsController#update as JSON
  Parameters: {"board"=>{"id"=>"10", "user_id"=>"62", "name"=>"Name", "description"=>""}, "id"=>"10"}
  [1m[36mBoard Load (8.5ms)[0m  [1m[34mSELECT  "boards".* FROM "boards" WHERE "boards"."id" = $1 LIMIT $2[0m  [["id", 10], ["LIMIT", 1]]
  ↳ app/controllers/api/boards_controller.rb:26
  [1m[35m (0.7ms)[0m  [1m[35mBEGIN[0m
  ↳ app/controllers/api/boards_controller.rb:28
Started GET "/" for ::1 at 2021-02-15 12:11:44 -0800
Started GET "/" for ::1 at 2021-02-15 12:11:44 -0800
Processing by StaticPagesController#root as HTML
  [1m[36mBoard Exists (22.4ms)[0m  [1m[34mSELECT  1 AS one FROM "boards" WHERE "boards"."name" = $1 AND "boards"."id" != $2 AND "boards"."user_id" = $3 LIMIT $4[0m  [["name", "Name"], ["id", 10], ["user_id", 62], ["LIMIT", 1]]
  ↳ app/controllers/api/boards_controller.rb:28
  Rendering static_pages/root.html.erb within layouts/application
  [1m[36mUser Load (21.2ms)[0m  [1m[34mSELECT  "users".* FROM "users" WHERE "users"."id" = $1 LIMIT $2[0m  [["id", 62], ["LIMIT", 1]]
  ↳ app/controllers/api/boards_controller.rb:28
  [1m[36mUser Load (49.3ms)[0m  [1m[34mSELECT  "users".* FROM "users" WHERE "users"."session_token" = $1 LIMIT $2[0m  [["session_token", "9kMxHzM2Myy-YYQJw2fl7w"], ["LIMIT", 1]]
  ↳ app/controllers/application_controller.rb:7
  [1m[36mBoard Load (2.8ms)[0m  [1m[34mSELECT "boards".* FROM "boards" WHERE "boards"."user_id" = $1[0m  [["user_id", 62]]
  ↳ app/views/api/users/_user.json.jbuilder:4
  [1m[36mBoard Update (75.5ms)[0m  [1m[33mUPDATE "boards" SET "name" = $1, "description" = $2, "updated_at" = $3 WHERE "boards"."id" = $4[0m  [["name", "Name"], ["description", ""], ["updated_at", "2021-02-15 20:11:44.453925"], ["id", 10]]
  ↳ app/controllers/api/boards_controller.rb:28
  Rendered api/users/_user.json.jbuilder (39.6ms)
  [1m[35m (6.2ms)[0m  [1m[35mCOMMIT[0m
  ↳ app/controllers/api/boards_controller.rb:28
  Rendering api/boards/show.json.jbuilder
  Rendered api/boards/show.json.jbuilder (4.2ms)
Completed 200 OK in 101832ms (Views: 39.8ms | ActiveRecord: 134.6ms)


Processing by StaticPagesController#root as HTML
  Rendering static_pages/root.html.erb within layouts/application
  [1m[36mUser Load (6.2ms)[0m  [1m[34mSELECT  "users".* FROM "users" WHERE "users"."session_token" = $1 LIMIT $2[0m  [["session_token", "9kMxHzM2Myy-YYQJw2fl7w"], ["LIMIT", 1]]
  ↳ app/controllers/application_controller.rb:7
  [1m[36mBoard Load (6.3ms)[0m  [1m[34mSELECT "boards".* FROM "boards" WHERE "boards"."user_id" = $1[0m  [["user_id", 62]]
  ↳ app/views/api/users/_user.json.jbuilder:4
  Rendered api/users/_user.json.jbuilder (21.5ms)
  Rendered static_pages/root.html.erb within layouts/application (121.3ms)
  Rendered static_pages/root.html.erb within layouts/application (309.5ms)
Completed 200 OK in 1475ms (Views: 1422.3ms | ActiveRecord: 52.1ms)


Completed 200 OK in 1697ms (Views: 1683.2ms | ActiveRecord: 13.1ms)


Started GET "/api/boards/10" for ::1 at 2021-02-15 12:11:46 -0800
Processing by Api::BoardsController#show as JSON
  Parameters: {"id"=>"10"}
  [1m[36mBoard Load (59.3ms)[0m  [1m[34mSELECT  "boards".* FROM "boards" WHERE "boards"."id" = $1 LIMIT $2[0m  [["id", 10], ["LIMIT", 1]]
  ↳ app/controllers/api/boards_controller.rb:45
  Rendering api/boards/show.json.jbuilder
  [1m[36mUser Load (7.0ms)[0m  [1m[34mSELECT  "users".* FROM "users" WHERE "users"."id" = $1 LIMIT $2[0m  [["id", 62], ["LIMIT", 1]]
  ↳ app/views/api/boards/show.json.jbuilder:1
  Rendered api/boards/show.json.jbuilder (10.4ms)
Completed 200 OK in 95ms (Views: 26.3ms | ActiveRecord: 66.3ms)


Started GET "/api/boards/10" for ::1 at 2021-02-15 12:12:13 -0800
Processing by Api::BoardsController#show as JSON
  Parameters: {"id"=>"10"}
  [1m[36mBoard Load (0.5ms)[0m  [1m[34mSELECT  "boards".* FROM "boards" WHERE "boards"."id" = $1 LIMIT $2[0m  [["id", 10], ["LIMIT", 1]]
  ↳ app/controllers/api/boards_controller.rb:45
  Rendering api/boards/show.json.jbuilder
  [1m[36mUser Load (1.0ms)[0m  [1m[34mSELECT  "users".* FROM "users" WHERE "users"."id" = $1 LIMIT $2[0m  [["id", 62], ["LIMIT", 1]]
  ↳ app/views/api/boards/show.json.jbuilder:1
  Rendered api/boards/show.json.jbuilder (55.9ms)
Completed 200 OK in 155ms (Views: 62.0ms | ActiveRecord: 73.6ms)


Started PATCH "/api/boards/10" for ::1 at 2021-02-15 12:12:17 -0800
Processing by Api::BoardsController#update as JSON
  Parameters: {"board"=>{"id"=>"10", "user_id"=>"62", "name"=>"A new name!", "description"=>""}, "id"=>"10"}
  [1m[36mBoard Load (5.8ms)[0m  [1m[34mSELECT  "boards".* FROM "boards" WHERE "boards"."id" = $1 LIMIT $2[0m  [["id", 10], ["LIMIT", 1]]
  ↳ app/controllers/api/boards_controller.rb:26
  [1m[35m (0.3ms)[0m  [1m[35mBEGIN[0m
  ↳ app/controllers/api/boards_controller.rb:28
  [1m[36mBoard Exists (10.7ms)[0m  [1m[34mSELECT  1 AS one FROM "boards" WHERE "boards"."name" = $1 AND "boards"."id" != $2 AND "boards"."user_id" = $3 LIMIT $4[0m  [["name", "A new name!"], ["id", 10], ["user_id", 62], ["LIMIT", 1]]
  ↳ app/controllers/api/boards_controller.rb:28
  [1m[36mUser Load (1.1ms)[0m  [1m[34mSELECT  "users".* FROM "users" WHERE "users"."id" = $1 LIMIT $2[0m  [["id", 62], ["LIMIT", 1]]
  ↳ app/controllers/api/boards_controller.rb:28
  [1m[36mBoard Update (4.4ms)[0m  [1m[33mUPDATE "boards" SET "name" = $1, "updated_at" = $2 WHERE "boards"."id" = $3[0m  [["name", "A new name!"], ["updated_at", "2021-02-15 20:12:17.662985"], ["id", 10]]
  ↳ app/controllers/api/boards_controller.rb:28
  [1m[35m (6.3ms)[0m  [1m[35mCOMMIT[0m
  ↳ app/controllers/api/boards_controller.rb:28
  Rendering api/boards/show.json.jbuilder
  Rendered api/boards/show.json.jbuilder (1.9ms)
Completed 200 OK in 73ms (Views: 29.9ms | ActiveRecord: 28.6ms)


Started GET "/api/boards/10" for ::1 at 2021-02-15 12:12:20 -0800
Processing by Api::BoardsController#show as JSON
  Parameters: {"id"=>"10"}
  [1m[36mBoard Load (9.0ms)[0m  [1m[34mSELECT  "boards".* FROM "boards" WHERE "boards"."id" = $1 LIMIT $2[0m  [["id", 10], ["LIMIT", 1]]
  ↳ app/controllers/api/boards_controller.rb:45
  Rendering api/boards/show.json.jbuilder
  [1m[36mUser Load (2.4ms)[0m  [1m[34mSELECT  "users".* FROM "users" WHERE "users"."id" = $1 LIMIT $2[0m  [["id", 62], ["LIMIT", 1]]
  ↳ app/views/api/boards/show.json.jbuilder:1
  Rendered api/boards/show.json.jbuilder (6.6ms)
Completed 200 OK in 64ms (Views: 50.7ms | ActiveRecord: 11.4ms)


Started DELETE "/api/boards/10" for ::1 at 2021-02-15 12:12:22 -0800
Processing by Api::BoardsController#destroy as JSON
  Parameters: {"id"=>"10"}
  [1m[36mBoard Load (1.1ms)[0m  [1m[34mSELECT  "boards".* FROM "boards" WHERE "boards"."id" = $1 LIMIT $2[0m  [["id", 10], ["LIMIT", 1]]
  ↳ app/controllers/api/boards_controller.rb:36
  [1m[35m (1.0ms)[0m  [1m[35mBEGIN[0m
  ↳ app/controllers/api/boards_controller.rb:37
  [1m[36mBoard Destroy (11.3ms)[0m  [1m[31mDELETE FROM "boards" WHERE "boards"."id" = $1[0m  [["id", 10]]
  ↳ app/controllers/api/boards_controller.rb:37
  [1m[35m (0.6ms)[0m  [1m[35mCOMMIT[0m
  ↳ app/controllers/api/boards_controller.rb:37
  Rendering api/boards/show.json.jbuilder
  [1m[36mUser Load (3.6ms)[0m  [1m[34mSELECT  "users".* FROM "users" WHERE "users"."id" = $1 LIMIT $2[0m  [["id", 62], ["LIMIT", 1]]
  ↳ app/views/api/boards/show.json.jbuilder:1
  Rendered api/boards/show.json.jbuilder (8.4ms)
Completed 200 OK in 62ms (Views: 39.6ms | ActiveRecord: 17.6ms)


Started PATCH "/api/boards/10" for ::1 at 2021-02-15 12:12:22 -0800
Processing by Api::BoardsController#update as JSON
  Parameters: {"board"=>{"id"=>"10", "user_id"=>"62", "name"=>"", "description"=>""}, "id"=>"10"}
  [1m[36mBoard Load (0.9ms)[0m  [1m[34mSELECT  "boards".* FROM "boards" WHERE "boards"."id" = $1 LIMIT $2[0m  [["id", 10], ["LIMIT", 1]]
  ↳ app/controllers/api/boards_controller.rb:26
Completed 404 Not Found in 3ms (ActiveRecord: 0.9ms)



ActiveRecord::RecordNotFound - Couldn't find Board with 'id'=10:
  app/controllers/api/boards_controller.rb:26:in `update'

Started GET "/api/users/62" for ::1 at 2021-02-15 12:12:22 -0800
Processing by Api::UsersController#show as JSON
  Parameters: {"id"=>"62"}
  [1m[36mUser Load (0.8ms)[0m  [1m[34mSELECT  "users".* FROM "users" WHERE "users"."id" = $1 LIMIT $2[0m  [["id", 62], ["LIMIT", 1]]
  ↳ app/controllers/api/users_controller.rb:15
  Rendering api/users/show.json.jbuilder
  [1m[36mBoard Load (1.4ms)[0m  [1m[34mSELECT "boards".* FROM "boards" WHERE "boards"."user_id" = $1[0m  [["user_id", 62]]
  ↳ app/views/api/users/show.json.jbuilder:12
  Rendered api/users/show.json.jbuilder (20.6ms)
Completed 200 OK in 71ms (Views: 63.7ms | ActiveRecord: 2.2ms)


